<?xml version="1.0" encoding="UTF-8"?>
<testng-results ignored="0" total="1" passed="1" failed="0" skipped="0">
  <reporter-output>
  </reporter-output>
  <suite started-at="2024-08-03T22:48:20 IST" name="Suite" finished-at="2024-08-03T22:48:36 IST" duration-ms="15632">
    <groups>
    </groups>
    <test started-at="2024-08-03T22:48:20 IST" name="TestFitPeoWebPage" finished-at="2024-08-03T22:48:36 IST" duration-ms="15632">
      <class name="fitPeo.TestFitPeoWebPage">
        <test-method is-config="true" signature="setup()[pri:0, instance:fitPeo.TestFitPeoWebPage@63355449]" started-at="2024-08-03T22:48:20 IST" name="setup" finished-at="2024-08-03T22:48:23 IST" duration-ms="2694" status="PASS">
          <reporter-output>
          </reporter-output>
        </test-method> <!-- setup -->
        <test-method signature="task()[pri:0, instance:fitPeo.TestFitPeoWebPage@63355449]" started-at="2024-08-03T22:48:23 IST" name="task" finished-at="2024-08-03T22:48:35 IST" duration-ms="12597" status="PASS">
          <reporter-output>
          </reporter-output>
        </test-method> <!-- task -->
        <test-method is-config="true" signature="tearDown()[pri:0, instance:fitPeo.TestFitPeoWebPage@63355449]" started-at="2024-08-03T22:48:35 IST" name="tearDown" finished-at="2024-08-03T22:48:36 IST" duration-ms="297" status="PASS">
          <reporter-output>
          </reporter-output>
        </test-method> <!-- tearDown -->
      </class> <!-- fitPeo.TestFitPeoWebPage -->
    </test> <!-- TestFitPeoWebPage -->
  </suite> <!-- Suite -->
</testng-results>
